# JRE version: OpenJDK Runtime Environment Temurin-21.0.10+7 (21.0.10+7) (build 21.0.10+7-LTS)
# Java VM: OpenJDK 64-Bit Server VM Temurin-21.0.10+7 (21.0.10+7-LTS, mixed mode, sharing, tiered, compressed oops, compressed class ptrs, parallel gc, windows-amd64)
GC Precious Log:
 CardTable entry size: 512
 CPUs: 4 total, 4 available
 Memory: 8045M
 Large Page Support: Disabled
 NUMA Support: Disabled
 Compressed Oops: Enabled (32-bit)
 Alignments: Space 512K, Generation 512K, Heap 2M
 Heap Min Capacity: 100M
 Heap Initial Capacity: 100M
 Heap Max Capacity: 2G
 Pre-touch: Disabled
 Parallel Workers: 4
Heap:
 PSYoungGen      total 3584K, used 3303K [0x00000000d5580000, 0x00000000d5b00000, 0x0000000100000000)
  eden space 2048K, 97% used [0x00000000d5580000,0x00000000d5771c30,0x00000000d5780000)
  from space 1536K, 85% used [0x00000000d5900000,0x00000000d5a48000,0x00000000d5a80000)
  to   space 1536K, 0% used [0x00000000d5780000,0x00000000d5780000,0x00000000d5900000)
 ParOldGen       total 1051648K, used 1051578K [0x0000000080000000, 0x00000000c0300000, 0x00000000d5580000)
  object space 1051648K, 99% used [0x0000000080000000,0x00000000c02eeb68,0x00000000c0300000)
 Metaspace       used 105894K, committed 107776K, reserved 1179648K
  class space    used 10852K, committed 11712K, reserved 1048576K
GC Heap History (20 events):
Event: 21281.566 GC heap before
{Heap before GC invocations=3130 (full 5):
 PSYoungGen      total 3584K, used 3543K [0x00000000d5580000, 0x00000000d5a80000, 0x0000000100000000)
  eden space 2048K, 100% used [0x00000000d5580000,0x00000000d5780000,0x00000000d5780000)
  from space 1536K, 97% used [0x00000000d5900000,0x00000000d5a75f28,0x00000000d5a80000)
  to   space 1536K, 0% used [0x00000000d5780000,0x00000000d5780000,0x00000000d5900000)
 ParOldGen       total 1036288K, used 1036019K [0x0000000080000000, 0x00000000bf400000, 0x00000000d5580000)
  object space 1036288K, 99% used [0x0000000080000000,0x00000000bf3bcd18,0x00000000bf400000)
 Metaspace       used 105888K, committed 107776K, reserved 1179648K
  class space    used 10852K, committed 11712K, reserved 1048576K
}
Event: 21281.572 GC heap after
{Heap after GC invocations=3130 (full 5):
 PSYoungGen      total 3584K, used 1508K [0x00000000d5580000, 0x00000000d6000000, 0x0000000100000000)
  eden space 2048K, 0% used [0x00000000d5580000,0x00000000d5580000,0x00000000d5780000)
  from space 1536K, 98% used [0x00000000d5780000,0x00000000d58f93a0,0x00000000d5900000)
  to   space 4096K, 0% used [0x00000000d5c00000,0x00000000d5c00000,0x00000000d6000000)
 ParOldGen       total 1038336K, used 1037938K [0x0000000080000000, 0x00000000bf600000, 0x00000000d5580000)
  object space 1038336K, 99% used [0x0000000080000000,0x00000000bf59ca78,0x00000000bf600000)
 Metaspace       used 105888K, committed 107776K, reserved 1179648K
  class space    used 10852K, committed 11712K, reserved 1048576K
}
Event: 21281.577 GC heap before
{Heap before GC invocations=3131 (full 5):
 PSYoungGen      total 3584K, used 3556K [0x00000000d5580000, 0x00000000d6000000, 0x0000000100000000)
  eden space 2048K, 100% used [0x00000000d5580000,0x00000000d5780000,0x00000000d5780000)
  from space 1536K, 98% used [0x00000000d5780000,0x00000000d58f93a0,0x00000000d5900000)
  to   space 4096K, 0% used [0x00000000d5c00000,0x00000000d5c00000,0x00000000d6000000)
 ParOldGen       total 1038336K, used 1037938K [0x0000000080000000, 0x00000000bf600000, 0x00000000d5580000)
  object space 1038336K, 99% used [0x0000000080000000,0x00000000bf59ca78,0x00000000bf600000)
 Metaspace       used 105888K, committed 107776K, reserved 1179648K
  class space    used 10852K, committed 11712K, reserved 1048576K
}
Event: 21281.584 GC heap after
{Heap after GC invocations=3131 (full 5):
 PSYoungGen      total 4096K, used 1536K [0x00000000d5580000, 0x00000000d5d80000, 0x0000000100000000)
  eden space 2560K, 0% used [0x00000000d5580000,0x00000000d5580000,0x00000000d5800000)
  from space 1536K, 100% used [0x00000000d5c00000,0x00000000d5d80000,0x00000000d5d80000)
  to   space 2560K, 0% used [0x00000000d5880000,0x00000000d5880000,0x00000000d5b00000)
 ParOldGen       total 1039872K, used 1039457K [0x0000000080000000, 0x00000000bf780000, 0x00000000d5580000)
  object space 1039872K, 99% used [0x0000000080000000,0x00000000bf718458,0x00000000bf780000)
 Metaspace       used 105888K, committed 107776K, reserved 1179648K
  class space    used 10852K, committed 11712K, reserved 1048576K
}
Event: 21281.634 GC heap before
{Heap before GC invocations=3132 (full 5):
 PSYoungGen      total 4096K, used 4096K [0x00000000d5580000, 0x00000000d5d80000, 0x0000000100000000)
  eden space 2560K, 100% used [0x00000000d5580000,0x00000000d5800000,0x00000000d5800000)
  from space 1536K, 100% used [0x00000000d5c00000,0x00000000d5d80000,0x00000000d5d80000)
  to   space 2560K, 0% used [0x00000000d5880000,0x00000000d5880000,0x00000000d5b00000)
 ParOldGen       total 1039872K, used 1039457K [0x0000000080000000, 0x00000000bf780000, 0x00000000d5580000)
  object space 1039872K, 99% used [0x0000000080000000,0x00000000bf718458,0x00000000bf780000)
 Metaspace       used 105888K, committed 107776K, reserved 1179648K
  class space    used 10852K, committed 11712K, reserved 1048576K
}
Event: 21281.641 GC heap after
{Heap after GC invocations=3132 (full 5):
 PSYoungGen      total 5632K, used 2216K [0x00000000d5580000, 0x00000000d5d80000, 0x0000000100000000)
  eden space 3072K, 0% used [0x00000000d5580000,0x00000000d5580000,0x00000000d5880000)
  from space 2560K, 86% used [0x00000000d5880000,0x00000000d5aaa020,0x00000000d5b00000)
  to   space 2560K, 0% used [0x00000000d5b00000,0x00000000d5b00000,0x00000000d5d80000)
 ParOldGen       total 1041408K, used 1040961K [0x0000000080000000, 0x00000000bf900000, 0x00000000d5580000)
  object space 1041408K, 99% used [0x0000000080000000,0x00000000bf890458,0x00000000bf900000)
 Metaspace       used 105888K, committed 107776K, reserved 1179648K
  class space    used 10852K, committed 11712K, reserved 1048576K
}
Event: 21281.694 GC heap before
{Heap before GC invocations=3133 (full 5):
 PSYoungGen      total 5632K, used 4913K [0x00000000d5580000, 0x00000000d5d80000, 0x0000000100000000)
  eden space 3072K, 87% used [0x00000000d5580000,0x00000000d5822738,0x00000000d5880000)
  from space 2560K, 86% used [0x00000000d5880000,0x00000000d5aaa020,0x00000000d5b00000)
  to   space 2560K, 0% used [0x00000000d5b00000,0x00000000d5b00000,0x00000000d5d80000)
 ParOldGen       total 1041408K, used 1040961K [0x0000000080000000, 0x00000000bf900000, 0x00000000d5580000)
  object space 1041408K, 99% used [0x0000000080000000,0x00000000bf890458,0x00000000bf900000)
 Metaspace       used 105888K, committed 107776K, reserved 1179648K
  class space    used 10852K, committed 11712K, reserved 1048576K
}
Event: 21281.701 GC heap after
{Heap after GC invocations=3133 (full 5):
 PSYoungGen      total 5632K, used 2336K [0x00000000d5580000, 0x00000000d5e80000, 0x0000000100000000)
  eden space 3072K, 0% used [0x00000000d5580000,0x00000000d5580000,0x00000000d5880000)
  from space 2560K, 91% used [0x00000000d5b00000,0x00000000d5d48000,0x00000000d5d80000)
  to   space 2560K, 0% used [0x00000000d5880000,0x00000000d5880000,0x00000000d5b00000)
 ParOldGen       total 1043456K, used 1042985K [0x0000000080000000, 0x00000000bfb00000, 0x00000000d5580000)
  object space 1043456K, 99% used [0x0000000080000000,0x00000000bfa8a478,0x00000000bfb00000)
 Metaspace       used 105888K, committed 107776K, reserved 1179648K
  class space    used 10852K, committed 11712K, reserved 1048576K
}
Event: 21281.872 GC heap before
{Heap before GC invocations=3134 (full 5):
 PSYoungGen      total 5632K, used 5232K [0x00000000d5580000, 0x00000000d5e80000, 0x0000000100000000)
  eden space 3072K, 94% used [0x00000000d5580000,0x00000000d58542e0,0x00000000d5880000)
  from space 2560K, 91% used [0x00000000d5b00000,0x00000000d5d48000,0x00000000d5d80000)
  to   space 2560K, 0% used [0x00000000d5880000,0x00000000d5880000,0x00000000d5b00000)
 ParOldGen       total 1043456K, used 1042985K [0x0000000080000000, 0x00000000bfb00000, 0x00000000d5580000)
  object space 1043456K, 99% used [0x0000000080000000,0x00000000bfa8a478,0x00000000bfb00000)
 Metaspace       used 105890K, committed 107776K, reserved 1179648K
  class space    used 10852K, committed 11712K, reserved 1048576K
}
Event: 21281.880 GC heap after
{Heap after GC invocations=3134 (full 5):
 PSYoungGen      total 5632K, used 1330K [0x00000000d5580000, 0x00000000d5d80000, 0x0000000100000000)
  eden space 3072K, 0% used [0x00000000d5580000,0x00000000d5580000,0x00000000d5880000)
  from space 2560K, 51% used [0x00000000d5880000,0x00000000d59ccb70,0x00000000d5b00000)
  to   space 2048K, 0% used [0x00000000d5b80000,0x00000000d5b80000,0x00000000d5d80000)
 ParOldGen       total 1044992K, used 1044617K [0x0000000080000000, 0x00000000bfc80000, 0x00000000d5580000)
  object space 1044992K, 99% used [0x0000000080000000,0x00000000bfc22478,0x00000000bfc80000)
 Metaspace       used 105890K, committed 107776K, reserved 1179648K
  class space    used 10852K, committed 11712K, reserved 1048576K
}
Event: 21281.921 GC heap before
{Heap before GC invocations=3135 (full 5):
 PSYoungGen      total 5632K, used 4402K [0x00000000d5580000, 0x00000000d5d80000, 0x0000000100000000)
  eden space 3072K, 100% used [0x00000000d5580000,0x00000000d5880000,0x00000000d5880000)
  from space 2560K, 51% used [0x00000000d5880000,0x00000000d59ccb70,0x00000000d5b00000)
  to   space 2048K, 0% used [0x00000000d5b80000,0x00000000d5b80000,0x00000000d5d80000)
 ParOldGen       total 1044992K, used 1044617K [0x0000000080000000, 0x00000000bfc80000, 0x00000000d5580000)
  object space 1044992K, 99% used [0x0000000080000000,0x00000000bfc22478,0x00000000bfc80000)
 Metaspace       used 105892K, committed 107776K, reserved 1179648K
  class space    used 10852K, committed 11712K, reserved 1048576K
}
Event: 21281.936 GC heap after
{Heap after GC invocations=3135 (full 5):
 PSYoungGen      total 3072K, used 2034K [0x00000000d5580000, 0x00000000d6380000, 0x0000000100000000)
  eden space 1024K, 0% used [0x00000000d5580000,0x00000000d5580000,0x00000000d5680000)
  from space 2048K, 99% used [0x00000000d5b80000,0x00000000d5d7cb70,0x00000000d5d80000)
  to   space 5120K, 0% used [0x00000000d5680000,0x00000000d5680000,0x00000000d5b80000)
 ParOldGen       total 1047040K, used 1046903K [0x0000000080000000, 0x00000000bfe80000, 0x00000000d5580000)
  object space 1047040K, 99% used [0x0000000080000000,0x00000000bfe5dff8,0x00000000bfe80000)
 Metaspace       used 105892K, committed 107776K, reserved 1179648K
  class space    used 10852K, committed 11712K, reserved 1048576K
}
Event: 21281.943 GC heap before
{Heap before GC invocations=3136 (full 5):
 PSYoungGen      total 3072K, used 3058K [0x00000000d5580000, 0x00000000d6380000, 0x0000000100000000)
  eden space 1024K, 100% used [0x00000000d5580000,0x00000000d5680000,0x00000000d5680000)
  from space 2048K, 99% used [0x00000000d5b80000,0x00000000d5d7cb70,0x00000000d5d80000)
  to   space 5120K, 0% used [0x00000000d5680000,0x00000000d5680000,0x00000000d5b80000)
 ParOldGen       total 1047040K, used 1046903K [0x0000000080000000, 0x00000000bfe80000, 0x00000000d5580000)
  object space 1047040K, 99% used [0x0000000080000000,0x00000000bfe5dff8,0x00000000bfe80000)
 Metaspace       used 105892K, committed 107776K, reserved 1179648K
  class space    used 10852K, committed 11712K, reserved 1048576K
}
Event: 21281.955 GC heap after
{Heap after GC invocations=3136 (full 5):
 PSYoungGen      total 2048K, used 1024K [0x00000000d5580000, 0x00000000d5c00000, 0x0000000100000000)
  eden space 1024K, 0% used [0x00000000d5580000,0x00000000d5580000,0x00000000d5680000)
  from space 1024K, 100% used [0x00000000d5680000,0x00000000d5780000,0x00000000d5780000)
  to   space 2560K, 0% used [0x00000000d5980000,0x00000000d5980000,0x00000000d5c00000)
 ParOldGen       total 1049088K, used 1048970K [0x0000000080000000, 0x00000000c0080000, 0x00000000d5580000)
  object space 1049088K, 99% used [0x0000000080000000,0x00000000c0062b68,0x00000000c0080000)
 Metaspace       used 105892K, committed 107776K, reserved 1179648K
  class space    used 10852K, committed 11712K, reserved 1048576K
}
Event: 21281.982 GC heap before
{Heap before GC invocations=3137 (full 5):
 PSYoungGen      total 2048K, used 2047K [0x00000000d5580000, 0x00000000d5c00000, 0x0000000100000000)
  eden space 1024K, 99% used [0x00000000d5580000,0x00000000d567ffc0,0x00000000d5680000)
  from space 1024K, 100% used [0x00000000d5680000,0x00000000d5780000,0x00000000d5780000)
  to   space 2560K, 0% used [0x00000000d5980000,0x00000000d5980000,0x00000000d5c00000)
 ParOldGen       total 1049088K, used 1048970K [0x0000000080000000, 0x00000000c0080000, 0x00000000d5580000)
  object space 1049088K, 99% used [0x0000000080000000,0x00000000c0062b68,0x00000000c0080000)
 Metaspace       used 105892K, committed 107776K, reserved 1179648K
  class space    used 10852K, committed 11712K, reserved 1048576K
}
Event: 21281.994 GC heap after
{Heap after GC invocations=3137 (full 5):
 PSYoungGen      total 2560K, used 992K [0x00000000d5580000, 0x00000000d5a80000, 0x0000000100000000)
  eden space 1536K, 0% used [0x00000000d5580000,0x00000000d5580000,0x00000000d5700000)
  from space 1024K, 96% used [0x00000000d5980000,0x00000000d5a78000,0x00000000d5a80000)
  to   space 1536K, 0% used [0x00000000d5780000,0x00000000d5780000,0x00000000d5900000)
 ParOldGen       total 1050112K, used 1049970K [0x0000000080000000, 0x00000000c0180000, 0x00000000d5580000)
  object space 1050112K, 99% used [0x0000000080000000,0x00000000c015cb68,0x00000000c0180000)
 Metaspace       used 105892K, committed 107776K, reserved 1179648K
  class space    used 10852K, committed 11712K, reserved 1048576K
}
Event: 21282.021 GC heap before
{Heap before GC invocations=3138 (full 5):
 PSYoungGen      total 2560K, used 2412K [0x00000000d5580000, 0x00000000d5a80000, 0x0000000100000000)
  eden space 1536K, 92% used [0x00000000d5580000,0x00000000d56e3240,0x00000000d5700000)
  from space 1024K, 96% used [0x00000000d5980000,0x00000000d5a78000,0x00000000d5a80000)
  to   space 1536K, 0% used [0x00000000d5780000,0x00000000d5780000,0x00000000d5900000)
 ParOldGen       total 1050112K, used 1049970K [0x0000000080000000, 0x00000000c0180000, 0x00000000d5580000)
  object space 1050112K, 99% used [0x0000000080000000,0x00000000c015cb68,0x00000000c0180000)
 Metaspace       used 105892K, committed 107776K, reserved 1179648K
  class space    used 10852K, committed 11712K, reserved 1048576K
}
Event: 21282.031 GC heap after
{Heap after GC invocations=3138 (full 5):
 PSYoungGen      total 3584K, used 1072K [0x00000000d5580000, 0x00000000d5a80000, 0x0000000100000000)
  eden space 2048K, 0% used [0x00000000d5580000,0x00000000d5580000,0x00000000d5780000)
  from space 1536K, 69% used [0x00000000d5780000,0x00000000d588c000,0x00000000d5900000)
  to   space 1536K, 0% used [0x00000000d5900000,0x00000000d5900000,0x00000000d5a80000)
 ParOldGen       total 1051136K, used 1050874K [0x0000000080000000, 0x00000000c0280000, 0x00000000d5580000)
  object space 1051136K, 99% used [0x0000000080000000,0x00000000c023eb68,0x00000000c0280000)
 Metaspace       used 105892K, committed 107776K, reserved 1179648K
  class space    used 10852K, committed 11712K, reserved 1048576K
}
Event: 21468.523 GC heap before
{Heap before GC invocations=3139 (full 5):
 PSYoungGen      total 3584K, used 3120K [0x00000000d5580000, 0x00000000d5a80000, 0x0000000100000000)
  eden space 2048K, 100% used [0x00000000d5580000,0x00000000d5780000,0x00000000d5780000)
  from space 1536K, 69% used [0x00000000d5780000,0x00000000d588c000,0x00000000d5900000)
  to   space 1536K, 0% used [0x00000000d5900000,0x00000000d5900000,0x00000000d5a80000)
 ParOldGen       total 1051136K, used 1050874K [0x0000000080000000, 0x00000000c0280000, 0x00000000d5580000)
  object space 1051136K, 99% used [0x0000000080000000,0x00000000c023eb68,0x00000000c0280000)
 Metaspace       used 105892K, committed 107776K, reserved 1179648K
  class space    used 10852K, committed 11712K, reserved 1048576K
}
Event: 21468.567 GC heap after
{Heap after GC invocations=3139 (full 5):
 PSYoungGen      total 3584K, used 1312K [0x00000000d5580000, 0x00000000d5b00000, 0x0000000100000000)
  eden space 2048K, 0% used [0x00000000d5580000,0x00000000d5580000,0x00000000d5780000)
  from space 1536K, 85% used [0x00000000d5900000,0x00000000d5a48000,0x00000000d5a80000)
  to   space 1536K, 0% used [0x00000000d5780000,0x00000000d5780000,0x00000000d5900000)
 ParOldGen       total 1051648K, used 1051578K [0x0000000080000000, 0x00000000c0300000, 0x00000000d5580000)
  object space 1051648K, 99% used [0x0000000080000000,0x00000000c02eeb68,0x00000000c0300000)
 Metaspace       used 105892K, committed 107776K, reserved 1179648K
  class space    used 10852K, committed 11712K, reserved 1048576K
}

